<?xml version="1.0" encoding="UTF-8"?>
<testsuite name="org.apache.roller.weblogger.business.FolderFunctionalityTest" time="1.449" tests="6" errors="0" skipped="0" failures="0">
  <properties>
    <property name="java.runtime.name" value="Java(TM) SE Runtime Environment"/>
    <property name="sun.boot.library.path" value="C:\Java\jdk1.7.0_40\jre\bin"/>
    <property name="java.vm.version" value="24.0-b56"/>
    <property name="java.vm.vendor" value="Oracle Corporation"/>
    <property name="java.vendor.url" value="http://java.oracle.com/"/>
    <property name="path.separator" value=";"/>
    <property name="guice.disable.misplaced.annotation.check" value="true"/>
    <property name="java.vm.name" value="Java HotSpot(TM) 64-Bit Server VM"/>
    <property name="file.encoding.pkg" value="sun.io"/>
    <property name="idea.launcher.port" value="7532"/>
    <property name="user.script" value=""/>
    <property name="user.country" value="FR"/>
    <property name="sun.java.launcher" value="SUN_STANDARD"/>
    <property name="sun.os.patch.level" value="Service Pack 1"/>
    <property name="java.vm.specification.name" value="Java Virtual Machine Specification"/>
    <property name="user.dir" value="C:\roller\trunk\roller_trunk"/>
    <property name="java.runtime.version" value="1.7.0_40-b43"/>
    <property name="java.awt.graphicsenv" value="sun.awt.Win32GraphicsEnvironment"/>
    <property name="java.endorsed.dirs" value="C:\Java\jdk1.7.0_40\jre\lib\endorsed"/>
    <property name="os.arch" value="amd64"/>
    <property name="java.io.tmpdir" value="C:\Users\NMU~1.NOU\AppData\Local\Temp\"/>
    <property name="line.separator" value="&#10;"/>
    <property name="java.vm.specification.vendor" value="Oracle Corporation"/>
    <property name="user.variant" value=""/>
    <property name="os.name" value="Windows 7"/>
    <property name="classworlds.conf" value="C:\apache-outils\maven-3.0.5\bin\m2.conf"/>
    <property name="sun.jnu.encoding" value="Cp1252"/>
    <property name="java.library.path" value="C:\Java\jdk1.7.0_40\bin;C:\Windows\Sun\Java\bin;C:\Windows\system32;C:\Windows;C:\Windows\system32;C:\Windows;C:\Windows\System32\Wbem;C:\Windows\System32\WindowsPowerShell\v1.0\;C:\Program Files\SlikSvn\bin\;C:\apache-outils\maven-3.0.5\bin;%SCALA_HOME%\bin;C:\play\trunk;C:\apache-outils\apache-ant-1.8.2\bin;C:\Program Files\MySQL\MySQL Server 5.5\bin;C:\Java\jdk1.7.0_40\bin;c:\Program Files (x86)\Microsoft SQL Server\100\Tools\Binn\VSShell\Common7\IDE\;c:\Program Files (x86)\Microsoft SQL Server\100\Tools\Binn\;c:\Program Files\Microsoft SQL Server\100\Tools\Binn\;c:\Program Files (x86)\Microsoft SQL Server\100\DTS\Binn\;C:\play\trunk;%GRADLE_HOME%\bin;C:\Program Files (x86)\Microsoft ASP.NET\ASP.NET Web Pages\v1.0\;C:\Program Files\Microsoft SQL Server\110\Tools\Binn\;C:\android\android-sdk\platform-tools;C:\android\android-sdk\tools;C:\demo\crash-1.2.0\crash\bin;C:\Program Files (x86)\GtkSharp\2.12\bin;C:\Program Files (x86)\QuickTime\QTSystem\;C:\Program Files\Microsoft SQL Server\100\DTS\Binn\;C:\Program Files (x86)\Microsoft Visual Studio 9.0\Common7\IDE\PrivateAssemblies\;C:\Program Files (x86)\MySQL\MySQL Utilities\;C:\Program Files (x86)\Git\cmd;E:\Vagrant\bin;C:\Program Files\Microsoft\Web Platform Installer\;%JRUBY_HOME%\bin;C:\demo\golo-0-preview8\bin;e:\jruby-1.7.6\bin;c:\jruby-1.7.6\bin;C:\RailsInstaller\Git\cmd;C:\RailsInstaller\Ruby1.9.3\bin;c:\jruby-1.7.4\bin;c:\jruby-1.7.3\bin;C:\GNUstep\bin;C:\GNUstep\GNUstep\System\Tools;C:\Program Files (x86)\Common Files\Shoes\0.r1514\..;."/>
    <property name="java.specification.name" value="Java Platform API Specification"/>
    <property name="java.class.version" value="51.0"/>
    <property name="sun.management.compiler" value="HotSpot 64-Bit Tiered Compilers"/>
    <property name="os.version" value="6.1"/>
    <property name="user.home" value="C:\Users\nmu.NOUVELLEMARQUE"/>
    <property name="user.timezone" value="Europe/Paris"/>
    <property name="java.awt.printerjob" value="sun.awt.windows.WPrinterJob"/>
    <property name="java.specification.version" value="1.7"/>
    <property name="idea.launcher.bin.path" value="C:\Program Files (x86)\JetBrains\IntelliJ IDEA 13.0\bin"/>
    <property name="file.encoding" value="UTF-8"/>
    <property name="derby.stream.error.field" value="com.btmatthews.maven.plugins.inmemdb.db.derby.DerbyDatabase.DEV_NULL"/>
    <property name="user.name" value="NMU"/>
    <property name="java.class.path" value="C:\apache-outils\maven-3.0.5\boot\plexus-classworlds-2.4.jar;C:\Program Files (x86)\JetBrains\IntelliJ IDEA 13.0\lib\idea_rt.jar"/>
    <property name="java.vm.specification.version" value="1.7"/>
    <property name="sun.arch.data.model" value="64"/>
    <property name="java.home" value="C:\Java\jdk1.7.0_40\jre"/>
    <property name="sun.java.command" value="com.intellij.rt.execution.application.AppMain org.codehaus.classworlds.Launcher clean install"/>
    <property name="java.specification.vendor" value="Oracle Corporation"/>
    <property name="user.language" value="fr"/>
    <property name="awt.toolkit" value="sun.awt.windows.WToolkit"/>
    <property name="java.vm.info" value="mixed mode"/>
    <property name="java.version" value="1.7.0_40"/>
    <property name="java.ext.dirs" value="C:\Java\jdk1.7.0_40\jre\lib\ext;C:\Windows\Sun\Java\lib\ext"/>
    <property name="sun.boot.class.path" value="C:\Java\jdk1.7.0_40\jre\lib\resources.jar;C:\Java\jdk1.7.0_40\jre\lib\rt.jar;C:\Java\jdk1.7.0_40\jre\lib\sunrsasign.jar;C:\Java\jdk1.7.0_40\jre\lib\jsse.jar;C:\Java\jdk1.7.0_40\jre\lib\jce.jar;C:\Java\jdk1.7.0_40\jre\lib\charsets.jar;C:\Java\jdk1.7.0_40\jre\lib\jfr.jar;C:\Java\jdk1.7.0_40\jre\classes"/>
    <property name="java.vendor" value="Oracle Corporation"/>
    <property name="maven.home" value="C:\apache-outils\maven-3.0.5"/>
    <property name="file.separator" value="\"/>
    <property name="java.vendor.url.bug" value="http://bugreport.sun.com/bugreport/"/>
    <property name="sun.cpu.endian" value="little"/>
    <property name="sun.io.unicode.encoding" value="UnicodeLittle"/>
    <property name="sun.desktop" value="windows"/>
    <property name="sun.cpu.isalist" value="amd64"/>
  </properties>
  <testcase name="testLookupAllFoldersByWeblog" classname="org.apache.roller.weblogger.business.FolderFunctionalityTest" time="0.192"/>
  <testcase name="testWalkFolderTree" classname="org.apache.roller.weblogger.business.FolderFunctionalityTest" time="0.285"/>
  <testcase name="testHasFolder" classname="org.apache.roller.weblogger.business.FolderFunctionalityTest" time="0.221"/>
  <testcase name="testLookupFolderByPath" classname="org.apache.roller.weblogger.business.FolderFunctionalityTest" time="0.251"/>
  <testcase name="testUniquenessOfFolderNames" classname="org.apache.roller.weblogger.business.FolderFunctionalityTest" time="0.24"/>
  <testcase name="testLookupFolderById" classname="org.apache.roller.weblogger.business.FolderFunctionalityTest" time="0.26"/>
</testsuite>